<?xml version="1.0" encoding="UTF-8"?>
<testng-results ignored="0" total="1" passed="1" failed="0" skipped="0">
  <reporter-output>
  </reporter-output>
  <suite started-at="2025-09-27T11:46:54 IST" name="Default suite" finished-at="2025-09-27T11:48:08 IST" duration-ms="74425">
    <groups>
      <group name="cucumber">
        <method signature="AbstractTestNGCucumberTests.runScenario(io.cucumber.testng.PickleWrapper,io.cucumber.testng.FeatureWrapper)[pri:0, instance:TestCaseExecution.RunnerStudentRegistrationForm@247bddad]" name="runScenario" class="io.cucumber.testng.AbstractTestNGCucumberTests"/>
      </group> <!-- cucumber -->
    </groups>
    <test started-at="2025-09-27T11:46:54 IST" name="Default test" finished-at="2025-09-27T11:48:08 IST" duration-ms="74425">
      <class name="TestCaseExecution.RunnerStudentRegistrationForm">
        <test-method is-config="true" signature="setUpClass(org.testng.ITestContext)[pri:0, instance:TestCaseExecution.RunnerStudentRegistrationForm@247bddad]" started-at="2025-09-27T11:46:54 IST" name="setUpClass" finished-at="2025-09-27T11:46:54 IST" duration-ms="219" status="PASS">
          <params>
            <param index="0">
              <value>
                <![CDATA[org.testng.TestRunner@6e1b9411]]>
              </value>
            </param>
          </params>
          <reporter-output>
          </reporter-output>
        </test-method> <!-- setUpClass -->
        <test-method signature="runScenario(io.cucumber.testng.PickleWrapper,io.cucumber.testng.FeatureWrapper)[pri:0, instance:TestCaseExecution.RunnerStudentRegistrationForm@247bddad]" started-at="2025-09-27T11:46:54 IST" name="runScenario" description="Runs Cucumber Scenarios" data-provider="scenarios" finished-at="2025-09-27T11:48:08 IST" duration-ms="74132" status="PASS">
          <params>
            <param index="0">
              <value>
                <![CDATA["This testcase automates student registration form"]]>
              </value>
            </param>
            <param index="1">
              <value>
                <![CDATA["Student Registration Form"]]>
              </value>
            </param>
          </params>
          <reporter-output>
          </reporter-output>
        </test-method> <!-- runScenario -->
        <test-method is-config="true" signature="tearDownClass()[pri:0, instance:TestCaseExecution.RunnerStudentRegistrationForm@247bddad]" started-at="2025-09-27T11:48:08 IST" name="tearDownClass" finished-at="2025-09-27T11:48:08 IST" duration-ms="9" status="PASS">
          <reporter-output>
          </reporter-output>
        </test-method> <!-- tearDownClass -->
      </class> <!-- TestCaseExecution.RunnerStudentRegistrationForm -->
    </test> <!-- Default test -->
  </suite> <!-- Default suite -->
</testng-results>
